c:\users\sfuna\documents\repos\freyja\frey\app\x64\debug\vc141.pdb
c:\users\sfuna\documents\repos\freyja\frey\app\x64\debug\thread.obj
c:\users\sfuna\documents\repos\freyja\frey\app\x64\debug\libcxx.obj
c:\users\sfuna\documents\repos\freyja\frey\app\x64\debug\libc.obj
c:\users\sfuna\documents\repos\freyja\frey\app\x64\debug\types.obj
c:\users\sfuna\documents\repos\freyja\frey\app\x64\debug\pointers.obj
c:\users\sfuna\documents\repos\freyja\frey\app\x64\debug\functions.obj
c:\users\sfuna\documents\repos\freyja\frey\app\x64\debug\arrays.obj
c:\users\sfuna\documents\repos\freyja\frey\app\x64\debug\app.obj
c:\users\sfuna\documents\repos\freyja\frey\app\x64\debug\enclave_u.obj
c:\users\sfuna\documents\repos\freyja\frey\app\enclave_u.h
c:\users\sfuna\documents\repos\freyja\frey\app\enclave_u.c
c:\users\sfuna\documents\repos\freyja\frey\x64\debug\freyapp.lib
c:\users\sfuna\documents\repos\freyja\frey\x64\debug\freyapp.exp
c:\users\sfuna\documents\repos\freyja\frey\x64\debug\freyapp.ilk
c:\users\sfuna\documents\repos\freyja\frey\x64\debug\freyapp.dll
c:\users\sfuna\documents\repos\freyja\frey\x64\debug\freyapp.pdb
c:\users\sfuna\documents\repos\freyja\frey\app\x64\debug\freyapp.tlog\cl.command.1.tlog
c:\users\sfuna\documents\repos\freyja\frey\app\x64\debug\freyapp.tlog\cl.read.1.tlog
c:\users\sfuna\documents\repos\freyja\frey\app\x64\debug\freyapp.tlog\cl.write.1.tlog
c:\users\sfuna\documents\repos\freyja\frey\app\x64\debug\freyapp.tlog\custombuild.command.1.tlog
c:\users\sfuna\documents\repos\freyja\frey\app\x64\debug\freyapp.tlog\custombuild.read.1.tlog
c:\users\sfuna\documents\repos\freyja\frey\app\x64\debug\freyapp.tlog\custombuild.write.1.tlog
c:\users\sfuna\documents\repos\freyja\frey\app\x64\debug\freyapp.tlog\freyapp.write.1u.tlog
c:\users\sfuna\documents\repos\freyja\frey\app\x64\debug\freyapp.tlog\link.command.1.tlog
c:\users\sfuna\documents\repos\freyja\frey\app\x64\debug\freyapp.tlog\link.read.1.tlog
c:\users\sfuna\documents\repos\freyja\frey\app\x64\debug\freyapp.tlog\link.write.1.tlog
