c:\users\sfuna\documents\repos\freyja\frey\enclave\x64\debug\vc141.pdb
c:\users\sfuna\documents\repos\freyja\frey\enclave\x64\debug\thread.obj
c:\users\sfuna\documents\repos\freyja\frey\enclave\x64\debug\libcxx.obj
c:\users\sfuna\documents\repos\freyja\frey\enclave\x64\debug\libc.obj
c:\users\sfuna\documents\repos\freyja\frey\enclave\x64\debug\enclave.obj
c:\users\sfuna\documents\repos\freyja\frey\enclave\x64\debug\types.obj
c:\users\sfuna\documents\repos\freyja\frey\enclave\x64\debug\pointers.obj
c:\users\sfuna\documents\repos\freyja\frey\enclave\x64\debug\functions.obj
c:\users\sfuna\documents\repos\freyja\frey\enclave\x64\debug\arrays.obj
c:\users\sfuna\documents\repos\freyja\frey\enclave\x64\debug\enclave_t.obj
c:\users\sfuna\documents\repos\freyja\frey\enclave\freyenclave_t.h
c:\users\sfuna\documents\repos\freyja\frey\x64\debug\freyenclave.lib
c:\users\sfuna\documents\repos\freyja\frey\x64\debug\freyenclave.exp
c:\users\sfuna\documents\repos\freyja\frey\x64\debug\freyenclave.dll
c:\users\sfuna\documents\repos\freyja\frey\x64\debug\freyenclave.ilk
c:\users\sfuna\documents\repos\freyja\frey\x64\debug\freyenclave.pdb
c:\users\sfuna\documents\repos\freyja\frey\enclave\x64\debug\freyenclave.tlog\cl.command.1.tlog
c:\users\sfuna\documents\repos\freyja\frey\enclave\x64\debug\freyenclave.tlog\cl.read.1.tlog
c:\users\sfuna\documents\repos\freyja\frey\enclave\x64\debug\freyenclave.tlog\cl.write.1.tlog
c:\users\sfuna\documents\repos\freyja\frey\enclave\x64\debug\freyenclave.tlog\custombuild.command.1.tlog
c:\users\sfuna\documents\repos\freyja\frey\enclave\x64\debug\freyenclave.tlog\custombuild.read.1.tlog
c:\users\sfuna\documents\repos\freyja\frey\enclave\x64\debug\freyenclave.tlog\custombuild.write.1.tlog
c:\users\sfuna\documents\repos\freyja\frey\enclave\x64\debug\freyenclave.tlog\freyenclave.write.1u.tlog
c:\users\sfuna\documents\repos\freyja\frey\enclave\x64\debug\freyenclave.tlog\link.command.1.tlog
c:\users\sfuna\documents\repos\freyja\frey\enclave\x64\debug\freyenclave.tlog\link.read.1.tlog
c:\users\sfuna\documents\repos\freyja\frey\enclave\x64\debug\freyenclave.tlog\link.write.1.tlog
