c:\program files (x86)\intel\intelsgxsdk\src\sampleenclave\enclave\debug\vc141.pdb
c:\program files (x86)\intel\intelsgxsdk\src\sampleenclave\enclave\debug\thread.obj
c:\program files (x86)\intel\intelsgxsdk\src\sampleenclave\enclave\debug\libcxx.obj
c:\program files (x86)\intel\intelsgxsdk\src\sampleenclave\enclave\debug\libc.obj
c:\program files (x86)\intel\intelsgxsdk\src\sampleenclave\enclave\debug\enclave.obj
c:\program files (x86)\intel\intelsgxsdk\src\sampleenclave\enclave\debug\types.obj
c:\program files (x86)\intel\intelsgxsdk\src\sampleenclave\enclave\debug\pointers.obj
c:\program files (x86)\intel\intelsgxsdk\src\sampleenclave\enclave\debug\functions.obj
c:\program files (x86)\intel\intelsgxsdk\src\sampleenclave\enclave\debug\arrays.obj
c:\program files (x86)\intel\intelsgxsdk\src\sampleenclave\enclave\debug\enclave_t.obj
c:\users\sfuna\documents\repos\freyja\freyja\enclave\debug\vc141.pdb
c:\users\sfuna\documents\repos\freyja\freyja\enclave\debug\thread.obj
c:\users\sfuna\documents\repos\freyja\freyja\enclave\debug\libcxx.obj
c:\users\sfuna\documents\repos\freyja\freyja\enclave\debug\libc.obj
c:\users\sfuna\documents\repos\freyja\freyja\enclave\debug\enclave.obj
c:\users\sfuna\documents\repos\freyja\freyja\enclave\debug\types.obj
c:\users\sfuna\documents\repos\freyja\freyja\enclave\debug\pointers.obj
c:\users\sfuna\documents\repos\freyja\freyja\enclave\debug\functions.obj
c:\users\sfuna\documents\repos\freyja\freyja\enclave\debug\arrays.obj
c:\users\sfuna\documents\repos\freyja\freyja\enclave\debug\enclave_t.obj
c:\program files (x86)\intel\intelsgxsdk\src\sampleenclave\enclave\enclave_t.h
c:\program files (x86)\intel\intelsgxsdk\src\sampleenclave\enclave\enclave_t.c
c:\users\sfuna\documents\repos\freyja\freyja\enclave\enclave_t.h
c:\users\sfuna\documents\repos\freyja\freyja\enclave\enclave_t.c
c:\program files (x86)\intel\intelsgxsdk\src\sampleenclave\debug\enclave.lib
c:\program files (x86)\intel\intelsgxsdk\src\sampleenclave\debug\enclave.exp
c:\users\sfuna\documents\repos\freyja\freyja\debug\enclave.lib
c:\users\sfuna\documents\repos\freyja\freyja\debug\enclave.exp
c:\program files (x86)\intel\intelsgxsdk\src\sampleenclave\debug\enclave.ilk
c:\program files (x86)\intel\intelsgxsdk\src\sampleenclave\debug\enclave.dll
c:\program files (x86)\intel\intelsgxsdk\src\sampleenclave\debug\enclave.pdb
c:\users\sfuna\documents\repos\freyja\freyja\debug\enclave.dll
c:\users\sfuna\documents\repos\freyja\freyja\debug\enclave.ilk
c:\users\sfuna\documents\repos\freyja\freyja\debug\enclave.pdb
c:\users\sfuna\documents\repos\freyja\freyja\enclave\debug\enclave.tlog\cl.command.1.tlog
c:\users\sfuna\documents\repos\freyja\freyja\enclave\debug\enclave.tlog\cl.read.1.tlog
c:\users\sfuna\documents\repos\freyja\freyja\enclave\debug\enclave.tlog\cl.write.1.tlog
c:\users\sfuna\documents\repos\freyja\freyja\enclave\debug\enclave.tlog\custombuild.command.1.tlog
c:\users\sfuna\documents\repos\freyja\freyja\enclave\debug\enclave.tlog\custombuild.read.1.tlog
c:\users\sfuna\documents\repos\freyja\freyja\enclave\debug\enclave.tlog\custombuild.write.1.tlog
c:\users\sfuna\documents\repos\freyja\freyja\enclave\debug\enclave.tlog\enclave.write.1u.tlog
c:\users\sfuna\documents\repos\freyja\freyja\enclave\debug\enclave.tlog\link.command.1.tlog
c:\users\sfuna\documents\repos\freyja\freyja\enclave\debug\enclave.tlog\link.read.1.tlog
c:\users\sfuna\documents\repos\freyja\freyja\enclave\debug\enclave.tlog\link.write.1.tlog
