C:\Program Files (x86)\Microsoft Visual Studio\2017\Community\Common7\IDE\VC\VCTargets\Microsoft.CppBuild.targets(402,5): warning MSB8038: Spectre 軽減策が有効になっていますが、Spectre 軽減策を適用済みのライブラリが見つかりません。Visual Studio ワークロードに Spectre 軽減策を適用済みのライブラリが含まれていることを確認してください。詳細については、https://aka.ms/Ofhn4c をご覧ください。
  Creating proxy/bridge routines
  Arrays.cpp
  Functions.cpp
  Pointers.cpp
  Types.cpp
  Enclave.cpp
  Libc.cpp
  Libcxx.cpp
  Thread.cpp
  コードを生成中...
  Enclave_t.c
     ライブラリ C:\Users\sfuna\Documents\repos\Freyja\Frey\Prerelease\Enclave.lib とオブジェクト C:\Users\sfuna\Documents\repos\Freyja\Frey\Prerelease\Enclave.exp を作成中
  Enclave.vcxproj -> C:\Users\sfuna\Documents\repos\Freyja\Frey\Prerelease\Enclave.dll
  sign the enclave
  The required memory is 0x3c4000.
  <EnclaveConfiguration>
      <ProdID>0</ProdID>
      <ISVSVN>0</ISVSVN>
      <StackMaxSize>0x40000</StackMaxSize>
      <HeapMaxSize>0x100000</HeapMaxSize>
      <TCSNum>10</TCSNum>
      <TCSPolicy>1</TCSPolicy>
  Succeed.
      <DisableDebug>0</DisableDebug>
      <MiscSelect>0</MiscSelect>
      <MiscMask>0xFFFFFFFF</MiscMask>
  </EnclaveConfiguration>
